<?xml version="1.0" encoding="UTF-8"?>
<!-- Generated by org.testng.reporters.JUnitReportReporter -->
<testsuite hostname="DESKTOP-3E9HTGA" failures="0" tests="1" name="Scripts.ValidateInvoice" time="61.787" errors="0" timestamp="2021-12-10T10:11:22 IST" skipped="0">
  <testcase classname="Scripts.ValidateInvoice" name="validateInvoiceCreation" time="61.787"/>
  <system-out>
    <![CDATA[Added Pickup location
Added Drop Off location
10122021101042
Load Created Successfully]]>
  </system-out>
</testsuite> <!-- Scripts.ValidateInvoice -->
