<?xml version="1.0" encoding="UTF-8"?>
<!-- Generated by org.testng.reporters.JUnitReportReporter -->
<testsuite hostname="DESKTOP-3E9HTGA" failures="0" tests="1" name="Scripts.ValidateStatusEvents" time="38.893" errors="0" timestamp="2021-12-10T10:58:46 IST" skipped="0">
  <testcase classname="Scripts.ValidateStatusEvents" name="ValidateAppointment" time="38.893"/>
  <system-out>
    <![CDATA[Added Pickup location
Added Drop Off location
10122021105829
Load Created Successfully]]>
  </system-out>
</testsuite> <!-- Scripts.ValidateStatusEvents -->
