<?xml version="1.0" encoding="UTF-8"?>
<!-- Generated by org.testng.reporters.JUnitReportReporter -->
<testsuite hostname="DESKTOP-3E9HTGA" failures="0" tests="1" name="Scripts.ValidateEstimatedTimeOfDeparture" time="40.419" errors="0" timestamp="2021-12-09T15:23:06 IST" skipped="0">
  <testcase classname="Scripts.ValidateEstimatedTimeOfDeparture" name="ValidateEstimatedDeparture" time="40.419"/>
  <system-out>
    <![CDATA[Added Pickup location
Added Drop Off location
09122021152248
Load Created Successfully]]>
  </system-out>
</testsuite> <!-- Scripts.ValidateEstimatedTimeOfDeparture -->
