<?xml version="1.0" encoding="UTF-8"?>
<!-- Generated by org.testng.reporters.JUnitReportReporter -->
<testsuite hostname="DESKTOP-3E9HTGA" failures="0" tests="1" name="Scripts.ValidateCustomerFeightCharge" time="57.924" errors="0" timestamp="2021-12-10T12:18:27 IST" skipped="0">
  <testcase classname="Scripts.ValidateCustomerFeightCharge" name="validateInvoiceCreation" time="57.924"/>
  <system-out>
    <![CDATA[Added Pickup location
Added Drop Off location
10122021121750
Load Created Successfully]]>
  </system-out>
</testsuite> <!-- Scripts.ValidateCustomerFeightCharge -->
