<?xml version="1.0" encoding="UTF-8"?>
<!-- Generated by org.testng.reporters.JUnitReportReporter -->
<testsuite hostname="DESKTOP-3E9HTGA" failures="0" tests="1" name="Scripts.CarrierFrieghtcharges" time="60.277" errors="0" timestamp="2021-12-10T12:16:53 IST" skipped="0">
  <testcase classname="Scripts.CarrierFrieghtcharges" name="validateInvoiceCreation" time="60.277"/>
  <system-out>
    <![CDATA[Added Pickup location
Added Drop Off location
10122021121614
Load Created Successfully]]>
  </system-out>
</testsuite> <!-- Scripts.CarrierFrieghtcharges -->
